Arguments: 
  C:\Program Files\nodejs\node.exe C:\Users\Dell\AppData\Roaming\npm\node_modules\yarn\bin\yarn.js add vuetify@next sass

PATH: 
  C:\Program Files\Common Files\Oracle\Java\javapath;C:\Windows\system32;C:\Windows;C:\Windows\System32\Wbem;C:\Windows\System32\WindowsPowerShell\v1.0\;C:\Windows\System32\OpenSSH\;C:\Program Files (x86)\Microsoft SQL Server\100\Tools\Binn\;C:\Program Files\Microsoft SQL Server\100\Tools\Binn\;C:\Program Files\Microsoft SQL Server\100\DTS\Binn\;C:\Users\Dell\AppData\Local\Programs\Python\Python310;C:\Users\Dell\AppData\Local\Programs\Python\Python310\Scripts;C:\Users\Dell\AppData\Roaming\npm;C:\ProgramData\chocolatey\bin;C:\Program Files\nodejs\;C:\Program Files\Git\cmd;C:\Program Files\MySQL\MySQL Shell 8.0\bin\;C:\Users\Dell\AppData\Local\Microsoft\WindowsApps;C:\Users\Dell\bin;C:\Program Files\Java\jdk-18.0.1.1\bin;C:\Program Files\JetBrains\IntelliJ IDEA Community Edition 2023.1\bin;;C:\Users\Dell\AppData\Roaming\npm;C:\Program Files\nodejs\node_modules\npm\bin;C:\Users\Dell\AppData\Local\Programs\Microsoft VS Code\bin

Yarn version: 
  1.22.19

Node version: 
  18.16.1

Platform: 
  win32 x64

Trace: 
  Error: https://registry.npmjs.org/@ballcat%2fvue-cropper: tunneling socket could not be established, cause=connect ECONNREFUSED ::1:80
      at ClientRequest.onError (C:\Users\Dell\AppData\Roaming\npm\node_modules\yarn\lib\cli.js:152376:17)
      at Object.onceWrapper (node:events:628:26)
      at ClientRequest.emit (node:events:513:28)
      at Socket.socketErrorListener (node:_http_client:502:9)
      at Socket.emit (node:events:513:28)
      at emitErrorNT (node:internal/streams/destroy:151:8)
      at emitErrorCloseNT (node:internal/streams/destroy:116:3)
      at process.processTicksAndRejections (node:internal/process/task_queues:82:21)

npm manifest: 
  {
    "name": "nuxt-app",
    "private": true,
    "scripts": {
      "build": "nuxt build",
      "dev": "nuxt dev",
      "generate": "nuxt generate",
      "preview": "nuxt preview",
      "postinstall": "nuxt prepare"
    },
    "devDependencies": {
      "@nuxt/devtools": "latest",
      "@types/jsonwebtoken": "^9.0.2",
      "@types/node": "^18",
      "autoprefixer": "^10.4.14",
      "daisyui": "^3.2.1",
      "nuxt": "^3.6.5",
      "postcss": "^8.4.25",
      "prisma": "^5.0.0",
      "tailwindcss": "^3.3.2"
    },
    "dependencies": {
      "@ballcat/vue-cropper": "^1.0.5",
      "@formkit/icons": "^0.17.4",
      "@formkit/nuxt": "^0.17.4",
      "@formkit/themes": "^0.17.4",
      "@formkit/vue": "^0.18.0-e975323",
      "@prisma/client": "^5.0.0",
      "axios": "^1.4.0",
      "cropperjs": "^1.6.0",
      "file-saver": "^2.0.5",
      "jsonwebtoken": "^9.0.1",
      "tw-elements": "^1.0.0-beta3",
      "vue-cookies": "^1.8.3",
      "vue-cropperjs": "^5.0.0"
    }
  }

yarn manifest: 
  No manifest

Lockfile: 
  No lockfile
